C:\1Data D\Bakalářská práce\New Version with Material\ProjectManagementSystem\ProjectManagementSystem\ClientApp\dist\out-tsc\e2e\src\app.po.js
C:\1Data D\Bakalářská práce\New Version with Material\ProjectManagementSystem\ProjectManagementSystem\ClientApp\dist\out-tsc\e2e\src\app.po.js.map
C:\1Data D\Bakalářská práce\New Version with Material\ProjectManagementSystem\ProjectManagementSystem\ClientApp\dist\out-tsc\e2e\src\app.e2e-spec.js
C:\1Data D\Bakalářská práce\New Version with Material\ProjectManagementSystem\ProjectManagementSystem\ClientApp\dist\out-tsc\e2e\src\app.e2e-spec.js.map
C:\1Data D\Bakalářská práce\New Version with Material\ProjectManagementSystem\ProjectManagementSystem\ClientApp\dist\out-tsc\src\app\app-routing.module.js
C:\1Data D\Bakalářská práce\New Version with Material\ProjectManagementSystem\ProjectManagementSystem\ClientApp\dist\out-tsc\src\app\app-routing.module.js.map
C:\1Data D\Bakalářská práce\New Version with Material\ProjectManagementSystem\ProjectManagementSystem\ClientApp\dist\out-tsc\src\app\_services\auth.service.js
C:\1Data D\Bakalářská práce\New Version with Material\ProjectManagementSystem\ProjectManagementSystem\ClientApp\dist\out-tsc\src\app\_services\auth.service.js.map
C:\1Data D\Bakalářská práce\New Version with Material\ProjectManagementSystem\ProjectManagementSystem\ClientApp\dist\out-tsc\src\app\app.component.js
C:\1Data D\Bakalářská práce\New Version with Material\ProjectManagementSystem\ProjectManagementSystem\ClientApp\dist\out-tsc\src\app\app.component.js.map
C:\1Data D\Bakalářská práce\New Version with Material\ProjectManagementSystem\ProjectManagementSystem\ClientApp\dist\out-tsc\src\app\_components\home\home.component.js
C:\1Data D\Bakalářská práce\New Version with Material\ProjectManagementSystem\ProjectManagementSystem\ClientApp\dist\out-tsc\src\app\_components\home\home.component.js.map
C:\1Data D\Bakalářská práce\New Version with Material\ProjectManagementSystem\ProjectManagementSystem\ClientApp\dist\out-tsc\src\app\_services\user.service.js
C:\1Data D\Bakalářská práce\New Version with Material\ProjectManagementSystem\ProjectManagementSystem\ClientApp\dist\out-tsc\src\app\_services\user.service.js.map
C:\1Data D\Bakalářská práce\New Version with Material\ProjectManagementSystem\ProjectManagementSystem\ClientApp\dist\out-tsc\src\app\_services\project.service.js
C:\1Data D\Bakalářská práce\New Version with Material\ProjectManagementSystem\ProjectManagementSystem\ClientApp\dist\out-tsc\src\app\_services\project.service.js.map
C:\1Data D\Bakalářská práce\New Version with Material\ProjectManagementSystem\ProjectManagementSystem\ClientApp\dist\out-tsc\src\app\_components\layout\sidenav\sidenav.component.js
C:\1Data D\Bakalářská práce\New Version with Material\ProjectManagementSystem\ProjectManagementSystem\ClientApp\dist\out-tsc\src\app\_components\layout\sidenav\sidenav.component.js.map
C:\1Data D\Bakalářská práce\New Version with Material\ProjectManagementSystem\ProjectManagementSystem\ClientApp\dist\out-tsc\src\app\_components\login\login.component.js
C:\1Data D\Bakalářská práce\New Version with Material\ProjectManagementSystem\ProjectManagementSystem\ClientApp\dist\out-tsc\src\app\_components\login\login.component.js.map
C:\1Data D\Bakalářská práce\New Version with Material\ProjectManagementSystem\ProjectManagementSystem\ClientApp\dist\out-tsc\src\app\_components\layout\alert\alert.component.js
C:\1Data D\Bakalářská práce\New Version with Material\ProjectManagementSystem\ProjectManagementSystem\ClientApp\dist\out-tsc\src\app\_components\layout\alert\alert.component.js.map
C:\1Data D\Bakalářská práce\New Version with Material\ProjectManagementSystem\ProjectManagementSystem\ClientApp\dist\out-tsc\src\app\_components\users\addUserDialog.component.js
C:\1Data D\Bakalářská práce\New Version with Material\ProjectManagementSystem\ProjectManagementSystem\ClientApp\dist\out-tsc\src\app\_components\users\addUserDialog.component.js.map
C:\1Data D\Bakalářská práce\New Version with Material\ProjectManagementSystem\ProjectManagementSystem\ClientApp\dist\out-tsc\src\app\_components\users\editUserDialog.component.js
C:\1Data D\Bakalářská práce\New Version with Material\ProjectManagementSystem\ProjectManagementSystem\ClientApp\dist\out-tsc\src\app\_components\users\editUserDialog.component.js.map
C:\1Data D\Bakalářská práce\New Version with Material\ProjectManagementSystem\ProjectManagementSystem\ClientApp\dist\out-tsc\src\app\_components\users\users.component.js
C:\1Data D\Bakalářská práce\New Version with Material\ProjectManagementSystem\ProjectManagementSystem\ClientApp\dist\out-tsc\src\app\_components\users\users.component.js.map
C:\1Data D\Bakalářská práce\New Version with Material\ProjectManagementSystem\ProjectManagementSystem\ClientApp\dist\out-tsc\src\app\_components\projectCreate\projectCreate.component.js
C:\1Data D\Bakalářská práce\New Version with Material\ProjectManagementSystem\ProjectManagementSystem\ClientApp\dist\out-tsc\src\app\_components\projectCreate\projectCreate.component.js.map
C:\1Data D\Bakalářská práce\New Version with Material\ProjectManagementSystem\ProjectManagementSystem\ClientApp\dist\out-tsc\src\app\_services\comment.service.js
C:\1Data D\Bakalářská práce\New Version with Material\ProjectManagementSystem\ProjectManagementSystem\ClientApp\dist\out-tsc\src\app\_services\comment.service.js.map
C:\1Data D\Bakalářská práce\New Version with Material\ProjectManagementSystem\ProjectManagementSystem\ClientApp\dist\out-tsc\src\app\_services\task.service.js
C:\1Data D\Bakalářská práce\New Version with Material\ProjectManagementSystem\ProjectManagementSystem\ClientApp\dist\out-tsc\src\app\_services\task.service.js.map
C:\1Data D\Bakalářská práce\New Version with Material\ProjectManagementSystem\ProjectManagementSystem\ClientApp\dist\out-tsc\src\app\_components\tasks\dialogAddTask.component.js
C:\1Data D\Bakalářská práce\New Version with Material\ProjectManagementSystem\ProjectManagementSystem\ClientApp\dist\out-tsc\src\app\_components\tasks\dialogAddTask.component.js.map
C:\1Data D\Bakalářská práce\New Version with Material\ProjectManagementSystem\ProjectManagementSystem\ClientApp\dist\out-tsc\src\app\_components\tasks\dialogEditTask.component.js
C:\1Data D\Bakalářská práce\New Version with Material\ProjectManagementSystem\ProjectManagementSystem\ClientApp\dist\out-tsc\src\app\_components\tasks\dialogEditTask.component.js.map
C:\1Data D\Bakalářská práce\New Version with Material\ProjectManagementSystem\ProjectManagementSystem\ClientApp\dist\out-tsc\src\app\_components\tasks\tasks.component.js
C:\1Data D\Bakalářská práce\New Version with Material\ProjectManagementSystem\ProjectManagementSystem\ClientApp\dist\out-tsc\src\app\_components\tasks\tasks.component.js.map
C:\1Data D\Bakalářská práce\New Version with Material\ProjectManagementSystem\ProjectManagementSystem\ClientApp\dist\out-tsc\src\app\_services\bug.service.js
C:\1Data D\Bakalářská práce\New Version with Material\ProjectManagementSystem\ProjectManagementSystem\ClientApp\dist\out-tsc\src\app\_services\bug.service.js.map
C:\1Data D\Bakalářská práce\New Version with Material\ProjectManagementSystem\ProjectManagementSystem\ClientApp\dist\out-tsc\src\app\_components\sidebar\sidebar.component.js
C:\1Data D\Bakalářská práce\New Version with Material\ProjectManagementSystem\ProjectManagementSystem\ClientApp\dist\out-tsc\src\app\_components\sidebar\sidebar.component.js.map
C:\1Data D\Bakalářská práce\New Version with Material\ProjectManagementSystem\ProjectManagementSystem\ClientApp\dist\out-tsc\src\app\_components\bug\dialogAddBug.component.js
C:\1Data D\Bakalářská práce\New Version with Material\ProjectManagementSystem\ProjectManagementSystem\ClientApp\dist\out-tsc\src\app\_components\bug\dialogAddBug.component.js.map
C:\1Data D\Bakalářská práce\New Version with Material\ProjectManagementSystem\ProjectManagementSystem\ClientApp\dist\out-tsc\src\app\_components\bug\dialogEditBug.component.js
C:\1Data D\Bakalářská práce\New Version with Material\ProjectManagementSystem\ProjectManagementSystem\ClientApp\dist\out-tsc\src\app\_components\bug\dialogEditBug.component.js.map
C:\1Data D\Bakalářská práce\New Version with Material\ProjectManagementSystem\ProjectManagementSystem\ClientApp\dist\out-tsc\src\app\_components\bug\bugs.component.js
C:\1Data D\Bakalářská práce\New Version with Material\ProjectManagementSystem\ProjectManagementSystem\ClientApp\dist\out-tsc\src\app\_components\bug\bugs.component.js.map
C:\1Data D\Bakalářská práce\New Version with Material\ProjectManagementSystem\ProjectManagementSystem\ClientApp\dist\out-tsc\src\app\_components\settings\settings.component.js
C:\1Data D\Bakalářská práce\New Version with Material\ProjectManagementSystem\ProjectManagementSystem\ClientApp\dist\out-tsc\src\app\_components\settings\settings.component.js.map
C:\1Data D\Bakalářská práce\New Version with Material\ProjectManagementSystem\ProjectManagementSystem\ClientApp\dist\out-tsc\src\app\_guards\authentication.guard.js
C:\1Data D\Bakalářská práce\New Version with Material\ProjectManagementSystem\ProjectManagementSystem\ClientApp\dist\out-tsc\src\app\_guards\authentication.guard.js.map
C:\1Data D\Bakalářská práce\New Version with Material\ProjectManagementSystem\ProjectManagementSystem\ClientApp\dist\out-tsc\src\app\app.module.js
C:\1Data D\Bakalářská práce\New Version with Material\ProjectManagementSystem\ProjectManagementSystem\ClientApp\dist\out-tsc\src\app\app.module.js.map
C:\1Data D\Bakalářská práce\New Version with Material\ProjectManagementSystem\ProjectManagementSystem\ClientApp\dist\out-tsc\src\environments\environment.js
C:\1Data D\Bakalářská práce\New Version with Material\ProjectManagementSystem\ProjectManagementSystem\ClientApp\dist\out-tsc\src\environments\environment.js.map
C:\1Data D\Bakalářská práce\New Version with Material\ProjectManagementSystem\ProjectManagementSystem\ClientApp\dist\out-tsc\src\main.js
C:\1Data D\Bakalářská práce\New Version with Material\ProjectManagementSystem\ProjectManagementSystem\ClientApp\dist\out-tsc\src\main.js.map
C:\1Data D\Bakalářská práce\New Version with Material\ProjectManagementSystem\ProjectManagementSystem\ClientApp\dist\out-tsc\src\polyfills.js
C:\1Data D\Bakalářská práce\New Version with Material\ProjectManagementSystem\ProjectManagementSystem\ClientApp\dist\out-tsc\src\polyfills.js.map
C:\1Data D\Bakalářská práce\New Version with Material\ProjectManagementSystem\ProjectManagementSystem\ClientApp\dist\out-tsc\src\test.js
C:\1Data D\Bakalářská práce\New Version with Material\ProjectManagementSystem\ProjectManagementSystem\ClientApp\dist\out-tsc\src\test.js.map
C:\1Data D\Bakalářská práce\New Version with Material\ProjectManagementSystem\ProjectManagementSystem\ClientApp\dist\out-tsc\src\environments\environment.prod.js
C:\1Data D\Bakalářská práce\New Version with Material\ProjectManagementSystem\ProjectManagementSystem\ClientApp\dist\out-tsc\src\environments\environment.prod.js.map
